<?xml version="1.0" encoding="UTF-8"?>
<!-- Generated by org.testng.reporters.JUnitReportReporter -->
<testsuite hostname="Manohar910Hp" failures="0" tests="1" name="com.qa.tests.LoginTest" time="19.912" errors="0" timestamp="23 Apr 2023 11:07:21 GMT" skipped="0">
  <testcase classname="com.qa.tests.LoginTest" name="loginTest" time="19.912"/>
</testsuite> <!-- com.qa.tests.LoginTest -->
